<?xml version="1.0" encoding="UTF-8"?>
<!-- Generated by org.testng.reporters.JUnitXMLReporter -->
<testsuite hostname="DESKTOP-69EDN3D" ignored="1" name="Default test" tests="1" failures="0" timestamp="16 Jun 2020 22:23:44 GMT" time="0.666" errors="0">
  <testcase name="invalid_login" time="0.59" classname="com.teckarch.login.LoginTeckarch"/>
  <testcase name="Valid_login" time="0.0" classname="com.teckarch.login.LoginTeckarch">
    <ignored/>
  </testcase> <!-- Valid_login -->
</testsuite> <!-- Default test -->
