<?xml version="1.0" encoding="UTF-8"?>
<testng-results skipped="0" failed="0" ignored="1" total="2" passed="1">
  <reporter-output>
  </reporter-output>
  <suite name="Default suite" duration-ms="666" started-at="2020-06-16T22:23:43Z" finished-at="2020-06-16T22:23:44Z">
    <groups>
    </groups>
    <test name="Default test" duration-ms="666" started-at="2020-06-16T22:23:43Z" finished-at="2020-06-16T22:23:44Z">
      <class name="com.teckarch.login.LoginTeckarch">
        <test-method status="PASS" signature="dependencyTriggering()[pri:0, instance:com.teckarch.login.LoginTeckarch@197d671]" name="dependencyTriggering" is-config="true" duration-ms="9593" started-at="2020-06-16T22:23:34Z" finished-at="2020-06-16T22:23:43Z">
          <reporter-output>
          </reporter-output>
        </test-method> <!-- dependencyTriggering -->
        <test-method status="PASS" signature="appurl()[pri:0, instance:com.teckarch.login.LoginTeckarch@197d671]" name="appurl" is-config="true" duration-ms="39" started-at="2020-06-16T22:23:43Z" finished-at="2020-06-16T22:23:43Z">
          <reporter-output>
          </reporter-output>
        </test-method> <!-- appurl -->
        <test-method status="PASS" signature="invalid_login()[pri:0, instance:com.teckarch.login.LoginTeckarch@197d671]" name="invalid_login" duration-ms="590" started-at="2020-06-16T22:23:43Z" finished-at="2020-06-16T22:23:44Z">
          <reporter-output>
          </reporter-output>
        </test-method> <!-- invalid_login -->
        <test-method status="PASS" signature="downdependency()[pri:0, instance:com.teckarch.login.LoginTeckarch@197d671]" name="downdependency" is-config="true" duration-ms="868" started-at="2020-06-16T22:23:44Z" finished-at="2020-06-16T22:23:45Z">
          <reporter-output>
          </reporter-output>
        </test-method> <!-- downdependency -->
      </class> <!-- com.teckarch.login.LoginTeckarch -->
    </test> <!-- Default test -->
  </suite> <!-- Default suite -->
</testng-results>
